Blender 4.5.5 LTS (hash 836beaaf597a built 2025-11-18 01:33:26)
Fra:1 Mem:97.09M (Peak 109.89M) | Time:00:04.05 | Rendering 1 / 24 samples
Fra:1 Mem:97.09M (Peak 109.89M) | Time:00:04.05 | Rendering 24 / 24 samples
Saved: 'E:\Proj\Game-1-temple\docs\workstreams\temple-tr4-asset\diagnostic-004\tr4-diagnostic-004-portrait-beauty.png'
Time: 00:04.27 (Saving: 00:00.16)

Fra:1 Mem:96.18M (Peak 109.03M) | Time:00:00.27 | Rendering 1 / 1 samples
Saved: 'E:\Proj\Game-1-temple\docs\workstreams\temple-tr4-asset\diagnostic-004\tr4-diagnostic-004-portrait-object-id.png'
Time: 00:00.29 (Saving: 00:00.00)

Fra:1 Mem:101.33M (Peak 108.74M) | Time:00:00.16 | Rendering 1 / 1 samples
Saved: 'E:\Proj\Game-1-temple\docs\workstreams\temple-tr4-asset\diagnostic-004\tr4-diagnostic-004-portrait-road-mask.png'
Time: 00:00.18 (Saving: 00:00.00)

Fra:1 Mem:95.89M (Peak 108.76M) | Time:00:00.36 | Rendering 1 / 1 samples
Saved: 'E:\Proj\Game-1-temple\docs\workstreams\temple-tr4-asset\diagnostic-004\tr4-diagnostic-004-portrait-normal.png'
Time: 00:00.39 (Saving: 00:00.00)

Fra:1 Mem:95.93M (Peak 108.80M) | Time:00:00.36 | Rendering 1 / 1 samples
Saved: 'E:\Proj\Game-1-temple\docs\workstreams\temple-tr4-asset\diagnostic-004\tr4-diagnostic-004-portrait-linear-depth.png'
Time: 00:00.38 (Saving: 00:00.00)

Fra:1 Mem:102.60M (Peak 110.00M) | Time:00:00.24 | Rendering 1 / 24 samples
Fra:1 Mem:102.60M (Peak 110.00M) | Time:00:00.24 | Rendering 24 / 24 samples
Saved: 'E:\Proj\Game-1-temple\docs\workstreams\temple-tr4-asset\diagnostic-004\tr4-diagnostic-004-desktop-beauty.png'
Time: 00:00.32 (Saving: 00:00.00)

Fra:1 Mem:101.67M (Peak 109.09M) | Time:00:00.15 | Rendering 1 / 1 samples
Saved: 'E:\Proj\Game-1-temple\docs\workstreams\temple-tr4-asset\diagnostic-004\tr4-diagnostic-004-desktop-object-id.png'
Time: 00:00.17 (Saving: 00:00.00)

Fra:1 Mem:101.38M (Peak 108.80M) | Time:00:00.14 | Rendering 1 / 1 samples
Saved: 'E:\Proj\Game-1-temple\docs\workstreams\temple-tr4-asset\diagnostic-004\tr4-diagnostic-004-desktop-road-mask.png'
Time: 00:00.16 (Saving: 00:00.00)

Fra:1 Mem:101.38M (Peak 108.80M) | Time:00:00.15 | Rendering 1 / 1 samples
Saved: 'E:\Proj\Game-1-temple\docs\workstreams\temple-tr4-asset\diagnostic-004\tr4-diagnostic-004-desktop-normal.png'
Time: 00:00.18 (Saving: 00:00.00)

Fra:1 Mem:101.38M (Peak 108.79M) | Time:00:00.17 | Rendering 1 / 1 samples
Saved: 'E:\Proj\Game-1-temple\docs\workstreams\temple-tr4-asset\diagnostic-004\tr4-diagnostic-004-desktop-linear-depth.png'
Time: 00:00.20 (Saving: 00:00.00)

Fra:1 Mem:101.87M (Peak 109.28M) | Time:00:00.17 | Rendering 1 / 24 samples
Fra:1 Mem:101.87M (Peak 109.28M) | Time:00:00.17 | Rendering 24 / 24 samples
Saved: 'E:\Proj\Game-1-temple\docs\workstreams\temple-tr4-asset\diagnostic-004\tr4-diagnostic-004-landscape-beauty.png'
Time: 00:00.23 (Saving: 00:00.00)

Fra:1 Mem:100.95M (Peak 108.36M) | Time:00:00.16 | Rendering 1 / 1 samples
Saved: 'E:\Proj\Game-1-temple\docs\workstreams\temple-tr4-asset\diagnostic-004\tr4-diagnostic-004-landscape-object-id.png'
Time: 00:00.18 (Saving: 00:00.00)

Fra:1 Mem:100.66M (Peak 108.08M) | Time:00:00.14 | Rendering 1 / 1 samples
Saved: 'E:\Proj\Game-1-temple\docs\workstreams\temple-tr4-asset\diagnostic-004\tr4-diagnostic-004-landscape-road-mask.png'
Time: 00:00.15 (Saving: 00:00.00)

Fra:1 Mem:100.66M (Peak 108.08M) | Time:00:00.13 | Rendering 1 / 1 samples
Saved: 'E:\Proj\Game-1-temple\docs\workstreams\temple-tr4-asset\diagnostic-004\tr4-diagnostic-004-landscape-normal.png'
Time: 00:00.15 (Saving: 00:00.00)

Fra:1 Mem:100.66M (Peak 108.07M) | Time:00:00.15 | Rendering 1 / 1 samples
Saved: 'E:\Proj\Game-1-temple\docs\workstreams\temple-tr4-asset\diagnostic-004\tr4-diagnostic-004-landscape-linear-depth.png'
Time: 00:00.16 (Saving: 00:00.00)

Fra:1 Mem:103.45M (Peak 111.15M) | Time:00:00.15 | Rendering 1 / 24 samples
Fra:1 Mem:103.45M (Peak 111.15M) | Time:00:00.15 | Rendering 24 / 24 samples
Saved: 'E:\Proj\Game-1-temple\docs\workstreams\temple-tr4-asset\diagnostic-004\tr4-diagnostic-004-closeup-beauty.png'
Time: 00:00.20 (Saving: 00:00.00)

Fra:1 Mem:102.48M (Peak 110.19M) | Time:00:00.15 | Rendering 1 / 1 samples
Saved: 'E:\Proj\Game-1-temple\docs\workstreams\temple-tr4-asset\diagnostic-004\tr4-diagnostic-004-closeup-object-id.png'
Time: 00:00.16 (Saving: 00:00.00)

Fra:1 Mem:102.16M (Peak 109.88M) | Time:00:00.15 | Rendering 1 / 1 samples
Saved: 'E:\Proj\Game-1-temple\docs\workstreams\temple-tr4-asset\diagnostic-004\tr4-diagnostic-004-closeup-road-mask.png'
Time: 00:00.17 (Saving: 00:00.00)

Fra:1 Mem:102.16M (Peak 109.88M) | Time:00:00.15 | Rendering 1 / 1 samples
Saved: 'E:\Proj\Game-1-temple\docs\workstreams\temple-tr4-asset\diagnostic-004\tr4-diagnostic-004-closeup-normal.png'
Time: 00:00.17 (Saving: 00:00.00)

Fra:1 Mem:102.16M (Peak 109.88M) | Time:00:00.16 | Rendering 1 / 1 samples
Saved: 'E:\Proj\Game-1-temple\docs\workstreams\temple-tr4-asset\diagnostic-004\tr4-diagnostic-004-closeup-linear-depth.png'
Time: 00:00.18 (Saving: 00:00.00)


--- STDERR ---
