Blender 4.5.5 LTS (hash 836beaaf597a built 2025-11-18 01:33:26)
Fra:1 Mem:97.09M (Peak 109.89M) | Time:00:00.87 | Rendering 1 / 24 samples
Fra:1 Mem:97.09M (Peak 109.89M) | Time:00:00.88 | Rendering 24 / 24 samples
Saved: 'E:\Proj\Game-1-temple\docs\workstreams\temple-tr4-asset\diagnostic-006\tr4-diagnostic-006-portrait-beauty.png'
Time: 00:01.06 (Saving: 00:00.14)

Fra:1 Mem:96.18M (Peak 109.03M) | Time:00:00.15 | Rendering 1 / 1 samples
Saved: 'E:\Proj\Game-1-temple\docs\workstreams\temple-tr4-asset\diagnostic-006\tr4-diagnostic-006-portrait-object-id.png'
Time: 00:00.17 (Saving: 00:00.00)

Fra:1 Mem:101.33M (Peak 108.74M) | Time:00:00.15 | Rendering 1 / 1 samples
Saved: 'E:\Proj\Game-1-temple\docs\workstreams\temple-tr4-asset\diagnostic-006\tr4-diagnostic-006-portrait-road-mask.png'
Time: 00:00.17 (Saving: 00:00.00)

Fra:1 Mem:95.89M (Peak 108.75M) | Time:00:00.14 | Rendering 1 / 1 samples
Saved: 'E:\Proj\Game-1-temple\docs\workstreams\temple-tr4-asset\diagnostic-006\tr4-diagnostic-006-portrait-normal.png'
Time: 00:00.16 (Saving: 00:00.00)

Fra:1 Mem:95.93M (Peak 108.79M) | Time:00:00.14 | Rendering 1 / 1 samples
Saved: 'E:\Proj\Game-1-temple\docs\workstreams\temple-tr4-asset\diagnostic-006\tr4-diagnostic-006-portrait-linear-depth.png'
Time: 00:00.16 (Saving: 00:00.00)

Fra:1 Mem:102.60M (Peak 110.00M) | Time:00:00.15 | Rendering 1 / 24 samples
Fra:1 Mem:102.60M (Peak 110.00M) | Time:00:00.15 | Rendering 24 / 24 samples
Saved: 'E:\Proj\Game-1-temple\docs\workstreams\temple-tr4-asset\diagnostic-006\tr4-diagnostic-006-desktop-beauty.png'
Time: 00:00.20 (Saving: 00:00.00)

Fra:1 Mem:101.67M (Peak 109.09M) | Time:00:00.16 | Rendering 1 / 1 samples
Saved: 'E:\Proj\Game-1-temple\docs\workstreams\temple-tr4-asset\diagnostic-006\tr4-diagnostic-006-desktop-object-id.png'
Time: 00:00.18 (Saving: 00:00.00)

Fra:1 Mem:101.38M (Peak 108.80M) | Time:00:00.14 | Rendering 1 / 1 samples
Saved: 'E:\Proj\Game-1-temple\docs\workstreams\temple-tr4-asset\diagnostic-006\tr4-diagnostic-006-desktop-road-mask.png'
Time: 00:00.16 (Saving: 00:00.00)

Fra:1 Mem:101.38M (Peak 108.80M) | Time:00:00.16 | Rendering 1 / 1 samples
Saved: 'E:\Proj\Game-1-temple\docs\workstreams\temple-tr4-asset\diagnostic-006\tr4-diagnostic-006-desktop-normal.png'
Time: 00:00.18 (Saving: 00:00.00)

Fra:1 Mem:101.38M (Peak 108.79M) | Time:00:00.15 | Rendering 1 / 1 samples
Saved: 'E:\Proj\Game-1-temple\docs\workstreams\temple-tr4-asset\diagnostic-006\tr4-diagnostic-006-desktop-linear-depth.png'
Time: 00:00.17 (Saving: 00:00.00)

Fra:1 Mem:101.87M (Peak 109.28M) | Time:00:00.15 | Rendering 1 / 24 samples
Fra:1 Mem:101.87M (Peak 109.28M) | Time:00:00.15 | Rendering 24 / 24 samples
Saved: 'E:\Proj\Game-1-temple\docs\workstreams\temple-tr4-asset\diagnostic-006\tr4-diagnostic-006-landscape-beauty.png'
Time: 00:00.20 (Saving: 00:00.00)

Fra:1 Mem:100.95M (Peak 108.36M) | Time:00:00.14 | Rendering 1 / 1 samples
Saved: 'E:\Proj\Game-1-temple\docs\workstreams\temple-tr4-asset\diagnostic-006\tr4-diagnostic-006-landscape-object-id.png'
Time: 00:00.16 (Saving: 00:00.00)

Fra:1 Mem:100.66M (Peak 108.08M) | Time:00:00.13 | Rendering 1 / 1 samples
Saved: 'E:\Proj\Game-1-temple\docs\workstreams\temple-tr4-asset\diagnostic-006\tr4-diagnostic-006-landscape-road-mask.png'
Time: 00:00.15 (Saving: 00:00.00)

Fra:1 Mem:100.66M (Peak 108.08M) | Time:00:00.16 | Rendering 1 / 1 samples
Saved: 'E:\Proj\Game-1-temple\docs\workstreams\temple-tr4-asset\diagnostic-006\tr4-diagnostic-006-landscape-normal.png'
Time: 00:00.18 (Saving: 00:00.00)

Fra:1 Mem:100.66M (Peak 108.07M) | Time:00:00.16 | Rendering 1 / 1 samples
Saved: 'E:\Proj\Game-1-temple\docs\workstreams\temple-tr4-asset\diagnostic-006\tr4-diagnostic-006-landscape-linear-depth.png'
Time: 00:00.18 (Saving: 00:00.00)

Fra:1 Mem:103.45M (Peak 111.15M) | Time:00:00.19 | Rendering 1 / 24 samples
Fra:1 Mem:103.45M (Peak 111.15M) | Time:00:00.20 | Rendering 24 / 24 samples
Saved: 'E:\Proj\Game-1-temple\docs\workstreams\temple-tr4-asset\diagnostic-006\tr4-diagnostic-006-closeup-beauty.png'
Time: 00:00.27 (Saving: 00:00.00)

Fra:1 Mem:102.48M (Peak 110.19M) | Time:00:00.17 | Rendering 1 / 1 samples
Saved: 'E:\Proj\Game-1-temple\docs\workstreams\temple-tr4-asset\diagnostic-006\tr4-diagnostic-006-closeup-object-id.png'
Time: 00:00.19 (Saving: 00:00.00)

Fra:1 Mem:102.16M (Peak 109.88M) | Time:00:00.17 | Rendering 1 / 1 samples
Saved: 'E:\Proj\Game-1-temple\docs\workstreams\temple-tr4-asset\diagnostic-006\tr4-diagnostic-006-closeup-road-mask.png'
Time: 00:00.19 (Saving: 00:00.00)

Fra:1 Mem:102.16M (Peak 109.88M) | Time:00:00.18 | Rendering 1 / 1 samples
Saved: 'E:\Proj\Game-1-temple\docs\workstreams\temple-tr4-asset\diagnostic-006\tr4-diagnostic-006-closeup-normal.png'
Time: 00:00.20 (Saving: 00:00.00)

Fra:1 Mem:102.16M (Peak 109.88M) | Time:00:00.18 | Rendering 1 / 1 samples
Saved: 'E:\Proj\Game-1-temple\docs\workstreams\temple-tr4-asset\diagnostic-006\tr4-diagnostic-006-closeup-linear-depth.png'
Time: 00:00.20 (Saving: 00:00.00)


--- STDERR ---
