Blender 4.5.5 LTS (hash 836beaaf597a built 2025-11-18 01:33:26)
Fra:1 Mem:95.38M (Peak 97.88M) | Time:00:01.17 | Rendering 1 / 96 samples
Fra:1 Mem:95.38M (Peak 97.88M) | Time:00:01.28 | Rendering 25 / 96 samples
Fra:1 Mem:95.38M (Peak 97.88M) | Time:00:01.41 | Rendering 50 / 96 samples
Fra:1 Mem:95.38M (Peak 97.88M) | Time:00:01.50 | Rendering 75 / 96 samples
Fra:1 Mem:95.38M (Peak 97.88M) | Time:00:01.58 | Rendering 96 / 96 samples
Saved: 'E:\Proj\Game-1-temple\docs\workstreams\temple-tr3\asset-proof\portrait-hero.png'
Time: 00:01.91 (Saving: 00:00.28)

Fra:1 Mem:96.91M (Peak 99.47M) | Time:00:00.15 | Rendering 1 / 96 samples
Fra:1 Mem:96.91M (Peak 99.47M) | Time:00:00.25 | Rendering 25 / 96 samples
Fra:1 Mem:96.91M (Peak 99.47M) | Time:00:00.35 | Rendering 50 / 96 samples
Fra:1 Mem:96.91M (Peak 99.47M) | Time:00:00.49 | Rendering 75 / 96 samples
Fra:1 Mem:96.91M (Peak 99.47M) | Time:00:00.57 | Rendering 96 / 96 samples
Saved: 'E:\Proj\Game-1-temple\docs\workstreams\temple-tr3\asset-proof\desktop-hero.png'
Time: 00:00.74 (Saving: 00:00.11)

Fra:1 Mem:91.45M (Peak 91.45M) | Time:00:00.14 | Rendering 1 / 96 samples
Fra:1 Mem:91.45M (Peak 91.45M) | Time:00:00.25 | Rendering 25 / 96 samples
Fra:1 Mem:91.45M (Peak 91.45M) | Time:00:00.37 | Rendering 50 / 96 samples
Fra:1 Mem:91.45M (Peak 91.45M) | Time:00:00.48 | Rendering 75 / 96 samples
Fra:1 Mem:91.45M (Peak 91.45M) | Time:00:00.57 | Rendering 96 / 96 samples
Saved: 'E:\Proj\Game-1-temple\docs\workstreams\temple-tr3\asset-proof\runner-pursuer-obstacle-closeup.png'
Time: 00:00.71 (Saving: 00:00.09)

Warning: Path 'C:\Program Files\Blender Foundation\Blender 4.5\4.5\datafiles\assets\brushes\essentials_brushes-gp_draw.blend' cannot be made relative for Material 'Material'
Info: Saved as "tide-scar-hero.blend"
INFO Draco mesh compression is available, use library at C:\Program Files\Blender Foundation\Blender 4.5\4.5\scripts\addons_core\io_scene_gltf2\extern_draco.dll
16:12:44 | INFO: Starting glTF 2.0 export
16:12:44 | INFO: Extracting primitive: Icosphere.001
16:12:44 | INFO: Primitives created: 1
16:12:44 | INFO: Extracting primitive: Icosphere.002
16:12:44 | INFO: Primitives created: 1
16:12:44 | INFO: Extracting primitive: Icosphere.003
16:12:44 | INFO: Primitives created: 1
16:12:44 | INFO: Extracting primitive: Icosphere.004
16:12:44 | INFO: Primitives created: 1
16:12:44 | INFO: Extracting primitive: Icosphere.005
16:12:44 | INFO: Primitives created: 1
16:12:44 | INFO: Extracting primitive: Icosphere.006
16:12:44 | INFO: Primitives created: 1
16:12:44 | INFO: Extracting primitive: Icosphere.008
16:12:44 | INFO: Primitives created: 1
16:12:44 | INFO: Extracting primitive: Icosphere.009
16:12:44 | INFO: Primitives created: 1
16:12:44 | INFO: Extracting primitive: Icosphere.011
16:12:44 | INFO: Primitives created: 1
16:12:44 | INFO: Extracting primitive: Icosphere.012
16:12:44 | INFO: Primitives created: 1
16:12:44 | INFO: Extracting primitive: Icosphere.013
16:12:44 | INFO: Primitives created: 1
16:12:44 | INFO: Extracting primitive: Icosphere.014
16:12:44 | INFO: Primitives created: 1
16:12:44 | INFO: Extracting primitive: Icosphere.015
16:12:44 | INFO: Primitives created: 1
16:12:44 | INFO: Extracting primitive: Icosphere.017
16:12:44 | INFO: Primitives created: 1
16:12:44 | INFO: Extracting primitive: Icosphere.018
16:12:44 | INFO: Primitives created: 1
16:12:44 | INFO: Extracting primitive: Icosphere.020
16:12:44 | INFO: Primitives created: 1
16:12:44 | INFO: Extracting primitive: Icosphere.021
16:12:44 | INFO: Primitives created: 1
16:12:44 | INFO: Extracting primitive: Icosphere.022
16:12:44 | INFO: Primitives created: 1
16:12:44 | INFO: Extracting primitive: Icosphere.023
16:12:44 | INFO: Primitives created: 1
16:12:44 | INFO: Extracting primitive: Icosphere.024
16:12:44 | INFO: Primitives created: 1
16:12:44 | INFO: Extracting primitive: Icosphere.026
16:12:44 | INFO: Primitives created: 1
16:12:44 | INFO: Extracting primitive: Icosphere.027
16:12:44 | INFO: Primitives created: 1
16:12:44 | INFO: Extracting primitive: Icosphere.028
16:12:44 | INFO: Primitives created: 1
16:12:44 | INFO: Extracting primitive: Icosphere.030
16:12:44 | INFO: Primitives created: 1
16:12:44 | INFO: Extracting primitive: Icosphere.031
16:12:44 | INFO: Primitives created: 1
16:12:44 | INFO: Extracting primitive: Icosphere.032
16:12:44 | INFO: Primitives created: 1
16:12:44 | INFO: Extracting primitive: Icosphere.033
16:12:44 | INFO: Primitives created: 1
16:12:44 | INFO: Extracting primitive: Icosphere.034
16:12:44 | INFO: Primitives created: 1
16:12:44 | INFO: Extracting primitive: Icosphere.036
16:12:44 | INFO: Primitives created: 1
16:12:44 | INFO: Extracting primitive: Icosphere.037
16:12:44 | INFO: Primitives created: 1
16:12:44 | INFO: Extracting primitive: Icosphere.039
16:12:44 | INFO: Primitives created: 1
16:12:44 | INFO: Extracting primitive: Causeway_Deck_000_Mesh
16:12:44 | INFO: Primitives created: 1
16:12:44 | INFO: Extracting primitive: Causeway_Deck_001_Mesh
16:12:44 | INFO: Primitives created: 1
16:12:44 | INFO: Extracting primitive: Causeway_Deck_002_Mesh
16:12:44 | INFO: Primitives created: 1
16:12:44 | INFO: Extracting primitive: Causeway_Deck_003_Mesh
16:12:44 | INFO: Primitives created: 1
16:12:44 | INFO: Extracting primitive: Causeway_Deck_004_Mesh
16:12:44 | INFO: Primitives created: 1
16:12:44 | INFO: Extracting primitive: Causeway_Deck_005_Mesh
16:12:44 | INFO: Primitives created: 1
16:12:44 | INFO: Extracting primitive: Causeway_Deck_006_Mesh
16:12:44 | INFO: Primitives created: 1
16:12:44 | INFO: Extracting primitive: Causeway_Deck_007_Mesh
16:12:44 | INFO: Primitives created: 1
16:12:44 | INFO: Extracting primitive: Causeway_Deck_008_Mesh
16:12:44 | INFO: Primitives created: 1
16:12:44 | INFO: Extracting primitive: Causeway_Deck_009_Mesh
16:12:44 | INFO: Primitives created: 1
16:12:44 | INFO: Extracting primitive: Causeway_Deck_010_Mesh
16:12:44 | INFO: Primitives created: 1
16:12:44 | INFO: Extracting primitive: Causeway_Deck_011_Mesh
16:12:44 | INFO: Primitives created: 1
16:12:44 | INFO: Extracting primitive: Causeway_Deck_012_Mesh
16:12:44 | INFO: Primitives created: 1
16:12:44 | INFO: Extracting primitive: Causeway_Deck_013_Mesh
16:12:44 | INFO: Primitives created: 1
16:12:44 | INFO: Extracting primitive: Causeway_Deck_014_Mesh
16:12:44 | INFO: Primitives created: 1
16:12:44 | INFO: Extracting primitive: Causeway_Deck_015_Mesh
16:12:44 | INFO: Primitives created: 1
16:12:44 | INFO: Extracting primitive: Causeway_Deck_016_Mesh
16:12:44 | INFO: Primitives created: 1
16:12:44 | INFO: Extracting primitive: Causeway_Deck_017_Mesh
16:12:44 | INFO: Primitives created: 1
16:12:44 | INFO: Extracting primitive: Causeway_Deck_018_Mesh
16:12:44 | INFO: Primitives created: 1
16:12:44 | INFO: Extracting primitive: Causeway_Deck_019_Mesh
16:12:44 | INFO: Primitives created: 1
16:12:44 | INFO: Extracting primitive: Causeway_Deck_020_Mesh
16:12:44 | INFO: Primitives created: 1
16:12:44 | INFO: Extracting primitive: Cube
16:12:44 | INFO: Primitives created: 1
16:12:44 | INFO: Extracting primitive: Cube.001
16:12:44 | INFO: Primitives created: 1
16:12:44 | INFO: Extracting primitive: Cube.002
16:12:44 | INFO: Primitives created: 1
16:12:44 | INFO: Extracting primitive: Cube.003
16:12:44 | INFO: Primitives created: 1
16:12:44 | INFO: Extracting primitive: Cube.004
16:12:44 | INFO: Primitives created: 1
16:12:44 | INFO: Extracting primitive: Cube.005
16:12:44 | INFO: Primitives created: 1
16:12:44 | INFO: Extracting primitive: Cube.006
16:12:44 | INFO: Primitives created: 1
16:12:44 | INFO: Extracting primitive: Cube.007
16:12:44 | INFO: Primitives created: 1
16:12:44 | INFO: Extracting primitive: Cube.008
16:12:44 | INFO: Primitives created: 1
16:12:44 | INFO: Extracting primitive: Cube.009
16:12:44 | INFO: Primitives created: 1
16:12:44 | INFO: Extracting primitive: Cube.010
16:12:44 | INFO: Primitives created: 1
16:12:44 | INFO: Extracting primitive: Cube.011
16:12:44 | INFO: Primitives created: 1
16:12:44 | INFO: Extracting primitive: Cube.012
16:12:44 | INFO: Primitives created: 1
16:12:44 | INFO: Extracting primitive: Cube.013
16:12:44 | INFO: Primitives created: 1
16:12:44 | INFO: Extracting primitive: Cube.014
16:12:44 | INFO: Primitives created: 1
16:12:44 | INFO: Extracting primitive: Cube.015
16:12:44 | INFO: Primitives created: 1
16:12:44 | INFO: Extracting primitive: Cube.016
16:12:44 | INFO: Primitives created: 1
16:12:44 | INFO: Extracting primitive: Cube.017
16:12:44 | INFO: Primitives created: 1
16:12:44 | INFO: Extracting primitive: Cube.018
16:12:44 | INFO: Primitives created: 1
16:12:44 | INFO: Extracting primitive: Cube.019
16:12:44 | INFO: Primitives created: 1
16:12:44 | INFO: Extracting primitive: Cube.020
16:12:44 | INFO: Primitives created: 1
16:12:44 | INFO: Extracting primitive: Cliff_Apron_000_L_Mesh
16:12:44 | INFO: Primitives created: 1
16:12:44 | INFO: Extracting primitive: Cliff_Apron_000_R_Mesh
16:12:44 | INFO: Primitives created: 1
16:12:44 | INFO: Extracting primitive: Cliff_Apron_001_L_Mesh
16:12:44 | INFO: Primitives created: 1
16:12:44 | INFO: Extracting primitive: Cliff_Apron_001_R_Mesh
16:12:44 | INFO: Primitives created: 1
16:12:44 | INFO: Extracting primitive: Cliff_Apron_002_L_Mesh
16:12:44 | INFO: Primitives created: 1
16:12:44 | INFO: Extracting primitive: Cliff_Apron_002_R_Mesh
16:12:44 | INFO: Primitives created: 1
16:12:44 | INFO: Extracting primitive: Cliff_Apron_003_L_Mesh
16:12:44 | INFO: Primitives created: 1
16:12:44 | INFO: Extracting primitive: Cliff_Apron_003_R_Mesh
16:12:44 | INFO: Primitives created: 1
16:12:44 | INFO: Extracting primitive: Cliff_Apron_004_L_Mesh
16:12:44 | INFO: Primitives created: 1
16:12:44 | INFO: Extracting primitive: Cliff_Apron_004_R_Mesh
16:12:44 | INFO: Primitives created: 1
16:12:44 | INFO: Extracting primitive: Cliff_Apron_005_L_Mesh
16:12:44 | INFO: Primitives created: 1
16:12:44 | INFO: Extracting primitive: Cliff_Apron_005_R_Mesh
16:12:44 | INFO: Primitives created: 1
16:12:44 | INFO: Extracting primitive: Cliff_Apron_006_L_Mesh
16:12:44 | INFO: Primitives created: 1
16:12:44 | INFO: Extracting primitive: Cliff_Apron_006_R_Mesh
16:12:44 | INFO: Primitives created: 1
16:12:44 | INFO: Extracting primitive: Cliff_Apron_007_L_Mesh
16:12:44 | INFO: Primitives created: 1
16:12:44 | INFO: Extracting primitive: Cliff_Apron_007_R_Mesh
16:12:44 | INFO: Primitives created: 1
16:12:44 | INFO: Extracting primitive: Cliff_Apron_008_L_Mesh
16:12:44 | INFO: Primitives created: 1
16:12:44 | INFO: Extracting primitive: Cliff_Apron_008_R_Mesh
16:12:44 | INFO: Primitives created: 1
16:12:44 | INFO: Extracting primitive: Cliff_Apron_009_L_Mesh
16:12:44 | INFO: Primitives created: 1
16:12:44 | INFO: Extracting primitive: Cliff_Apron_009_R_Mesh
16:12:44 | INFO: Primitives created: 1
16:12:44 | INFO: Extracting primitive: Cliff_Apron_010_L_Mesh
16:12:44 | INFO: Primitives created: 1
16:12:44 | INFO: Extracting primitive: Cliff_Apron_010_R_Mesh
16:12:44 | INFO: Primitives created: 1
16:12:44 | INFO: Extracting primitive: Cliff_Apron_011_L_Mesh
16:12:44 | INFO: Primitives created: 1
16:12:44 | INFO: Extracting primitive: Cliff_Apron_011_R_Mesh
16:12:44 | INFO: Primitives created: 1
16:12:44 | INFO: Extracting primitive: Cliff_Apron_012_L_Mesh
16:12:44 | INFO: Primitives created: 1
16:12:44 | INFO: Extracting primitive: Cliff_Apron_012_R_Mesh
16:12:44 | INFO: Primitives created: 1
16:12:44 | INFO: Extracting primitive: Cliff_Apron_013_L_Mesh
16:12:44 | INFO: Primitives created: 1
16:12:44 | INFO: Extracting primitive: Cliff_Apron_013_R_Mesh
16:12:44 | INFO: Primitives created: 1
16:12:44 | INFO: Extracting primitive: Cliff_Apron_014_L_Mesh
16:12:44 | INFO: Primitives created: 1
16:12:44 | INFO: Extracting primitive: Cliff_Apron_014_R_Mesh
16:12:44 | INFO: Primitives created: 1
16:12:44 | INFO: Extracting primitive: Cliff_Apron_015_L_Mesh
16:12:44 | INFO: Primitives created: 1
16:12:44 | INFO: Extracting primitive: Cliff_Apron_015_R_Mesh
16:12:44 | INFO: Primitives created: 1
16:12:44 | INFO: Extracting primitive: Cliff_Apron_016_L_Mesh
16:12:44 | INFO: Primitives created: 1
16:12:44 | INFO: Extracting primitive: Cliff_Apron_016_R_Mesh
16:12:44 | INFO: Primitives created: 1
16:12:44 | INFO: Extracting primitive: Cliff_Apron_017_L_Mesh
16:12:44 | INFO: Primitives created: 1
16:12:44 | INFO: Extracting primitive: Cliff_Apron_017_R_Mesh
16:12:44 | INFO: Primitives created: 1
16:12:44 | INFO: Extracting primitive: Cliff_Apron_018_L_Mesh
16:12:44 | INFO: Primitives created: 1
16:12:44 | INFO: Extracting primitive: Cliff_Apron_018_R_Mesh
16:12:44 | INFO: Primitives created: 1
16:12:44 | INFO: Extracting primitive: Cliff_Apron_019_L_Mesh
16:12:44 | INFO: Primitives created: 1
16:12:44 | INFO: Extracting primitive: Cliff_Apron_019_R_Mesh
16:12:44 | INFO: Primitives created: 1
16:12:44 | INFO: Extracting primitive: Cliff_Apron_020_L_Mesh
16:12:44 | INFO: Primitives created: 1
16:12:44 | INFO: Extracting primitive: Cliff_Apron_020_R_Mesh
16:12:44 | INFO: Primitives created: 1
16:12:44 | INFO: Extracting primitive: Icosphere
16:12:44 | INFO: Primitives created: 1
16:12:44 | INFO: Extracting primitive: Icosphere.007
16:12:44 | INFO: Primitives created: 1
16:12:44 | INFO: Extracting primitive: Icosphere.010
16:12:44 | INFO: Primitives created: 1
16:12:44 | INFO: Extracting primitive: Icosphere.016
16:12:44 | INFO: Primitives created: 1
16:12:44 | INFO: Extracting primitive: Icosphere.019
16:12:44 | INFO: Primitives created: 1
16:12:44 | INFO: Extracting primitive: Icosphere.025
16:12:44 | INFO: Primitives created: 1
16:12:44 | INFO: Extracting primitive: Icosphere.029
16:12:44 | INFO: Primitives created: 1
16:12:44 | INFO: Extracting primitive: Icosphere.035
16:12:44 | INFO: Primitives created: 1
16:12:44 | INFO: Extracting primitive: Icosphere.038
16:12:44 | INFO: Primitives created: 1
16:12:44 | INFO: Extracting primitive: Canyon_Far_Mesa_00_Mesh
16:12:44 | INFO: Primitives created: 1
16:12:44 | INFO: Extracting primitive: Canyon_Far_Mesa_01_Mesh
16:12:44 | INFO: Primitives created: 1
16:12:44 | INFO: Extracting primitive: Canyon_Far_Mesa_02_Mesh
16:12:44 | INFO: Primitives created: 1
16:12:44 | INFO: Extracting primitive: Canyon_Far_Mesa_03_Mesh
16:12:44 | INFO: Primitives created: 1
16:12:44 | INFO: Extracting primitive: Canyon_Far_Mesa_04_Mesh
16:12:44 | INFO: Primitives created: 1
16:12:44 | INFO: Extracting primitive: Canyon_Far_Mesa_05_Mesh
16:12:44 | INFO: Primitives created: 1
16:12:44 | INFO: Extracting primitive: Canyon_Far_Mesa_06_Mesh
16:12:44 | INFO: Primitives created: 1
16:12:44 | INFO: Extracting primitive: Canyon_Far_Mesa_07_Mesh
16:12:44 | INFO: Primitives created: 1
16:12:44 | INFO: Extracting primitive: Canyon_Far_Mesa_08_Mesh
16:12:44 | INFO: Primitives created: 1
16:12:44 | INFO: Extracting primitive: Canyon_Far_Mesa_09_Mesh
16:12:44 | INFO: Primitives created: 1
16:12:44 | INFO: Extracting primitive: Canyon_Mid_Mesa_00_Mesh
16:12:44 | INFO: Primitives created: 1
16:12:44 | INFO: Extracting primitive: Canyon_Mid_Mesa_01_Mesh
16:12:44 | INFO: Primitives created: 1
16:12:44 | INFO: Extracting primitive: Canyon_Mid_Mesa_02_Mesh
16:12:44 | INFO: Primitives created: 1
16:12:44 | INFO: Extracting primitive: Canyon_Mid_Mesa_03_Mesh
16:12:44 | INFO: Primitives created: 1
16:12:44 | INFO: Extracting primitive: Canyon_Mid_Mesa_04_Mesh
16:12:44 | INFO: Primitives created: 1
16:12:44 | INFO: Extracting primitive: Canyon_Mid_Mesa_05_Mesh
16:12:44 | INFO: Primitives created: 1
16:12:44 | INFO: Extracting primitive: Canyon_Mid_Mesa_06_Mesh
16:12:44 | INFO: Primitives created: 1
16:12:44 | INFO: Extracting primitive: Canyon_Mid_Mesa_07_Mesh
16:12:44 | INFO: Primitives created: 1
16:12:44 | INFO: Extracting primitive: Canyon_Mid_Mesa_08_Mesh
16:12:44 | INFO: Primitives created: 1
16:12:44 | INFO: Extracting primitive: Canyon_Mid_Mesa_09_Mesh
16:12:44 | INFO: Primitives created: 1
16:12:44 | INFO: Extracting primitive: Canyon_Mid_Mesa_10_Mesh
16:12:44 | INFO: Primitives created: 1
16:12:44 | INFO: Extracting primitive: Canyon_Mid_Mesa_11_Mesh
16:12:44 | INFO: Primitives created: 1
16:12:44 | INFO: Extracting primitive: Canyon_Near_Mesa_00_Mesh
16:12:44 | INFO: Primitives created: 1
16:12:44 | INFO: Extracting primitive: Canyon_Near_Mesa_01_Mesh
16:12:44 | INFO: Primitives created: 1
16:12:44 | INFO: Extracting primitive: Canyon_Near_Mesa_02_Mesh
16:12:44 | INFO: Primitives created: 1
16:12:44 | INFO: Extracting primitive: Canyon_Near_Mesa_03_Mesh
16:12:44 | INFO: Primitives created: 1
16:12:44 | INFO: Extracting primitive: Canyon_Near_Mesa_04_Mesh
16:12:44 | INFO: Primitives created: 1
16:12:44 | INFO: Extracting primitive: Canyon_Near_Mesa_05_Mesh
16:12:44 | INFO: Primitives created: 1
16:12:44 | INFO: Extracting primitive: Canyon_Near_Mesa_06_Mesh
16:12:44 | INFO: Primitives created: 1
16:12:44 | INFO: Extracting primitive: Canyon_Near_Mesa_07_Mesh
16:12:44 | INFO: Primitives created: 1
16:12:44 | INFO: Extracting primitive: Cube.021
16:12:44 | INFO: Primitives created: 1
16:12:44 | INFO: Extracting primitive: Cylinder
16:12:44 | INFO: Primitives created: 1
16:12:44 | INFO: Extracting primitive: Runner_Coat_Tail_00_Mesh
16:12:44 | INFO: Primitives created: 1
16:12:44 | INFO: Extracting primitive: Runner_Coat_Tail_01_Mesh
16:12:44 | INFO: Primitives created: 1
16:12:44 | INFO: Extracting primitive: Circle
16:12:44 | INFO: Primitives created: 1
16:12:44 | INFO: Extracting primitive: Cube.024
16:12:44 | INFO: Primitives created: 1
16:12:44 | INFO: Extracting primitive: Cube.022
16:12:44 | INFO: Primitives created: 1
16:12:44 | INFO: Extracting primitive: Cube.023
16:12:44 | INFO: Primitives created: 1
16:12:44 | INFO: Extracting primitive: Cone.007
16:12:44 | INFO: Primitives created: 1
16:12:44 | INFO: Extracting primitive: Cone.009
16:12:44 | INFO: Primitives created: 1
16:12:44 | INFO: Extracting primitive: Sphere
16:12:44 | INFO: Primitives created: 1
16:12:44 | INFO: Extracting primitive: Cone.001
16:12:44 | INFO: Primitives created: 1
16:12:44 | INFO: Extracting primitive: Cone.003
16:12:44 | INFO: Primitives created: 1
16:12:44 | INFO: Extracting primitive: Cone.005
16:12:44 | INFO: Primitives created: 1
16:12:44 | INFO: Extracting primitive: Cone.002
16:12:44 | INFO: Primitives created: 1
16:12:44 | INFO: Extracting primitive: Cone.004
16:12:44 | INFO: Primitives created: 1
16:12:44 | INFO: Extracting primitive: Cone
16:12:44 | INFO: Primitives created: 1
16:12:44 | INFO: Extracting primitive: Cone.006
16:12:44 | INFO: Primitives created: 1
16:12:44 | INFO: Extracting primitive: Cone.008
16:12:44 | INFO: Primitives created: 1
16:12:44 | INFO: Extracting primitive: Icosphere.040
16:12:44 | INFO: Primitives created: 1
16:12:44 | INFO: Extracting primitive: Icosphere.043
16:12:44 | INFO: Primitives created: 1
16:12:44 | INFO: Extracting primitive: Icosphere.044
16:12:44 | INFO: Primitives created: 1
16:12:44 | INFO: Extracting primitive: Circle.001
16:12:44 | INFO: Primitives created: 1
16:12:44 | INFO: Extracting primitive: Cone.019
16:12:44 | INFO: Primitives created: 1
16:12:44 | INFO: Extracting primitive: Cone.020
16:12:44 | INFO: Primitives created: 1
16:12:44 | INFO: Extracting primitive: Cone.021
16:12:44 | INFO: Primitives created: 1
16:12:44 | INFO: Extracting primitive: Cone.022
16:12:44 | INFO: Primitives created: 1
16:12:44 | INFO: Extracting primitive: Cube.025
16:12:44 | INFO: Primitives created: 1
16:12:44 | INFO: Extracting primitive: Cube.027
16:12:44 | INFO: Primitives created: 1
16:12:44 | INFO: Extracting primitive: Cube.026
16:12:44 | INFO: Primitives created: 1
16:12:44 | INFO: Extracting primitive: Cube.028
16:12:44 | INFO: Primitives created: 1
16:12:44 | INFO: Extracting primitive: Icosphere.042
16:12:44 | INFO: Primitives created: 1
16:12:44 | INFO: Extracting primitive: Cone.012
16:12:44 | INFO: Primitives created: 1
16:12:45 | INFO: Extracting primitive: Cone.016
16:12:45 | INFO: Primitives created: 1
16:12:45 | INFO: Extracting primitive: Cone.014
16:12:45 | INFO: Primitives created: 1
16:12:45 | INFO: Extracting primitive: Cone.018
16:12:45 | INFO: Primitives created: 1
16:12:45 | INFO: Extracting primitive: Cone.010
16:12:45 | INFO: Primitives created: 1
16:12:45 | INFO: Extracting primitive: Icosphere.041
16:12:45 | INFO: Primitives created: 1
16:12:45 | INFO: Extracting primitive: Cone.011
16:12:45 | INFO: Primitives created: 1
16:12:45 | INFO: Extracting primitive: Cone.015
16:12:45 | INFO: Primitives created: 1
16:12:45 | INFO: Extracting primitive: Cone.013
16:12:45 | INFO: Primitives created: 1
16:12:45 | INFO: Extracting primitive: Cone.017
16:12:45 | INFO: Primitives created: 1
16:12:45 | INFO: Extracting primitive: Torus
16:12:45 | INFO: Primitives created: 1
16:12:45 | INFO: Extracting primitive: Circle.002
16:12:45 | INFO: Primitives created: 1
16:12:45 | INFO: Extracting primitive: Icosphere.045
16:12:45 | INFO: Primitives created: 1
16:12:45 | INFO: Extracting primitive: Icosphere.046
16:12:45 | INFO: Primitives created: 1
16:12:45 | INFO: Extracting primitive: Icosphere.047
16:12:45 | INFO: Primitives created: 1
16:12:45 | INFO: Extracting primitive: Icosphere.048
16:12:45 | INFO: Primitives created: 1
16:12:45 | INFO: Extracting primitive: Icosphere.049
16:12:45 | INFO: Primitives created: 1
16:12:45 | INFO: Extracting primitive: Icosphere.050
16:12:45 | INFO: Primitives created: 1
16:12:45 | INFO: Extracting primitive: Icosphere.051
16:12:45 | INFO: Primitives created: 1
16:12:45 | INFO: Extracting primitive: Cone.023
16:12:45 | INFO: Primitives created: 1
16:12:45 | INFO: Extracting primitive: Cone.024
16:12:45 | INFO: Primitives created: 1
16:12:45 | INFO: Extracting primitive: TideScar_Ribbon_Editable_Curve
16:12:45 | INFO: Primitives created: 1
16:12:45 | WARNING: Unsupported light source AREA
16:12:45 | WARNING: Unsupported light source AREA
16:12:45 | WARNING: Unsupported light source AREA
16:12:45 | INFO: Finished glTF 2.0 export in 0.5876948833465576 s


Blender quit
